        -:    0:Source:dominion.c
        -:    0:Graph:dominion.gcno
        -:    0:Data:dominion.gcda
        -:    0:Runs:3
        -:    0:Programs:3
        -:    1:#include "dominion.h"
        -:    2:#include "dominion_helpers.h"
        -:    3:#include "rngs.h"
        -:    4:#include <stdio.h>
        -:    5:#include <math.h>
        -:    6:#include <stdlib.h>
        -:    7:
function compare called 417470 returned 100% blocks executed 100%
   417470:    8:int compare(const void* a, const void* b) {
   417470:    9:  if (*(int*)a > *(int*)b)
branch  0 taken 50% (fallthrough)
branch  1 taken 50%
   208015:   10:    return 1;
   209455:   11:  if (*(int*)a < *(int*)b)
branch  0 taken 58% (fallthrough)
branch  1 taken 42%
   121787:   12:    return -1;
    87668:   13:  return 0;
        -:   14:}
        -:   15:
function newGame called 0 returned 0% blocks executed 0%
    #####:   16:struct gameState* newGame() {
    #####:   17:  struct gameState* g = malloc(sizeof(struct gameState));
    #####:   18:  return g;
        -:   19:}
        -:   20:
function kingdomCards called 0 returned 0% blocks executed 0%
    #####:   21:int* kingdomCards(int k1, int k2, int k3, int k4, int k5, int k6, int k7,
        -:   22:		  int k8, int k9, int k10) {
    #####:   23:  int* k = malloc(10 * sizeof(int));
    #####:   24:  k[0] = k1;
    #####:   25:  k[1] = k2;
    #####:   26:  k[2] = k3;
    #####:   27:  k[3] = k4;
    #####:   28:  k[4] = k5;
    #####:   29:  k[5] = k6;
    #####:   30:  k[6] = k7;
    #####:   31:  k[7] = k8;
    #####:   32:  k[8] = k9;
    #####:   33:  k[9] = k10;
    #####:   34:  return k;
        -:   35:}
        -:   36:
function initializeGame called 0 returned 0% blocks executed 0%
    #####:   37:int initializeGame(int numPlayers, int kingdomCards[10], int randomSeed,
        -:   38:		   struct gameState *state) {
        -:   39:
        -:   40:  int i;
        -:   41:  int j;
        -:   42:  int it;			
        -:   43:  //set up random number generator
    #####:   44:  SelectStream(1);
call    0 never executed
    #####:   45:  PutSeed((long)randomSeed);
call    0 never executed
        -:   46:  
        -:   47:  //check number of players
    #####:   48:  if (numPlayers > MAX_PLAYERS || numPlayers < 2)
branch  0 never executed
branch  1 never executed
branch  2 never executed
branch  3 never executed
        -:   49:    {
    #####:   50:      return -1;
        -:   51:    }
        -:   52:
        -:   53:  //set number of players
    #####:   54:  state->numPlayers = numPlayers;
        -:   55:
        -:   56:  //check selected kingdom cards are different
    #####:   57:  for (i = 0; i < 10; i++)
branch  0 never executed
branch  1 never executed
        -:   58:    {
    #####:   59:      for (j = 0; j < 10; j++)
branch  0 never executed
branch  1 never executed
        -:   60:        {
    #####:   61:	  if (j != i && kingdomCards[j] == kingdomCards[i])
branch  0 never executed
branch  1 never executed
branch  2 never executed
branch  3 never executed
        -:   62:	    {
    #####:   63:	      return -1;
        -:   64:	    }
        -:   65:        }
        -:   66:    }
        -:   67:
        -:   68:
        -:   69:  //initialize supply
        -:   70:  ///////////////////////////////
        -:   71:
        -:   72:  //set number of Curse cards
    #####:   73:  if (numPlayers == 2)
branch  0 never executed
branch  1 never executed
        -:   74:    {
    #####:   75:      state->supplyCount[curse] = 10;
        -:   76:    }
    #####:   77:  else if (numPlayers == 3)
branch  0 never executed
branch  1 never executed
        -:   78:    {
    #####:   79:      state->supplyCount[curse] = 20;
        -:   80:    }
        -:   81:  else
        -:   82:    {
    #####:   83:      state->supplyCount[curse] = 30;
        -:   84:    }
        -:   85:
        -:   86:  //set number of Victory cards
    #####:   87:  if (numPlayers == 2)
branch  0 never executed
branch  1 never executed
        -:   88:    {
    #####:   89:      state->supplyCount[estate] = 8;
    #####:   90:      state->supplyCount[duchy] = 8;
    #####:   91:      state->supplyCount[province] = 8;
        -:   92:    }
        -:   93:  else
        -:   94:    {
    #####:   95:      state->supplyCount[estate] = 12;
    #####:   96:      state->supplyCount[duchy] = 12;
    #####:   97:      state->supplyCount[province] = 12;
        -:   98:    }
        -:   99:
        -:  100:  //set number of Treasure cards
    #####:  101:  state->supplyCount[copper] = 60 - (7 * numPlayers);
    #####:  102:  state->supplyCount[silver] = 40;
    #####:  103:  state->supplyCount[gold] = 30;
        -:  104:
        -:  105:  //set number of Kingdom cards
    #####:  106:  for (i = adventurer; i <= treasure_map; i++)       	//loop all cards
branch  0 never executed
branch  1 never executed
        -:  107:    {
    #####:  108:      for (j = 0; j < 10; j++)           		//loop chosen cards
branch  0 never executed
branch  1 never executed
        -:  109:	{
    #####:  110:	  if (kingdomCards[j] == i)
branch  0 never executed
branch  1 never executed
        -:  111:	    {
        -:  112:	      //check if card is a 'Victory' Kingdom card
    #####:  113:	      if (kingdomCards[j] == great_hall || kingdomCards[j] == gardens)
branch  0 never executed
branch  1 never executed
branch  2 never executed
branch  3 never executed
        -:  114:		{
    #####:  115:		  if (numPlayers == 2){ 
branch  0 never executed
branch  1 never executed
    #####:  116:		    state->supplyCount[i] = 8; 
        -:  117:		  }
    #####:  118:		  else{ state->supplyCount[i] = 12; }
        -:  119:		}
        -:  120:	      else
        -:  121:		{
    #####:  122:		  state->supplyCount[i] = 10;
        -:  123:		}
    #####:  124:	      break;
        -:  125:	    }
        -:  126:	  else    //card is not in the set choosen for the game
        -:  127:	    {
    #####:  128:	      state->supplyCount[i] = -1;
        -:  129:	    }
        -:  130:	}
        -:  131:
        -:  132:    }
        -:  133:
        -:  134:  ////////////////////////
        -:  135:  //supply intilization complete
        -:  136:
        -:  137:  //set player decks
    #####:  138:  for (i = 0; i < numPlayers; i++)
branch  0 never executed
branch  1 never executed
        -:  139:    {
    #####:  140:      state->deckCount[i] = 0;
    #####:  141:      for (j = 0; j < 3; j++)
branch  0 never executed
branch  1 never executed
        -:  142:	{
    #####:  143:	  state->deck[i][j] = estate;
    #####:  144:	  state->deckCount[i]++;
        -:  145:	}
    #####:  146:      for (j = 3; j < 10; j++)
branch  0 never executed
branch  1 never executed
        -:  147:	{
    #####:  148:	  state->deck[i][j] = copper;
    #####:  149:	  state->deckCount[i]++;		
        -:  150:	}
        -:  151:    }
        -:  152:
        -:  153:  //shuffle player decks
    #####:  154:  for (i = 0; i < numPlayers; i++)
branch  0 never executed
branch  1 never executed
        -:  155:    {
    #####:  156:      if ( shuffle(i, state) < 0 )
call    0 never executed
branch  1 never executed
branch  2 never executed
        -:  157:	{
    #####:  158:	  return -1;
        -:  159:	}
        -:  160:    }
        -:  161:
        -:  162:  //draw player hands
    #####:  163:  for (i = 0; i < numPlayers; i++)
branch  0 never executed
branch  1 never executed
        -:  164:    {  
        -:  165:      //initialize hand size to zero
    #####:  166:      state->handCount[i] = 0;
    #####:  167:      state->discardCount[i] = 0;
        -:  168:      //draw 5 cards
        -:  169:      // for (j = 0; j < 5; j++)
        -:  170:      //	{
        -:  171:      //	  drawCard(i, state);
        -:  172:      //	}
        -:  173:    }
        -:  174:  
        -:  175:  //set embargo tokens to 0 for all supply piles
    #####:  176:  for (i = 0; i <= treasure_map; i++)
branch  0 never executed
branch  1 never executed
        -:  177:    {
    #####:  178:      state->embargoTokens[i] = 0;
        -:  179:    }
        -:  180:
        -:  181:  //initialize first player's turn
    #####:  182:  state->outpostPlayed = 0;
    #####:  183:  state->phase = 0;
    #####:  184:  state->numActions = 1;
    #####:  185:  state->numBuys = 1;
    #####:  186:  state->playedCardCount = 0;
    #####:  187:  state->whoseTurn = 0;
    #####:  188:  state->handCount[state->whoseTurn] = 0;
        -:  189:  //int it; move to top
        -:  190:
        -:  191:  //Moved draw cards to here, only drawing at the start of a turn
    #####:  192:  for (it = 0; it < 5; it++){
branch  0 never executed
branch  1 never executed
    #####:  193:    drawCard(state->whoseTurn, state);
call    0 never executed
        -:  194:  }
        -:  195:
    #####:  196:  updateCoins(state->whoseTurn, state, 0);
call    0 never executed
        -:  197:
    #####:  198:  return 0;
        -:  199:}
        -:  200:
function shuffle called 8877 returned 100% blocks executed 100%
     8877:  201:int shuffle(int player, struct gameState *state) {
        -:  202: 
        -:  203:
        -:  204:  int newDeck[MAX_DECK];
     8877:  205:  int newDeckPos = 0;
        -:  206:  int card;
        -:  207:  int i;
        -:  208:
     8877:  209:  if (state->deckCount[player] < 1)
branch  0 taken 68% (fallthrough)
branch  1 taken 32%
     6061:  210:    return -1;
     2816:  211:  qsort ((void*)(state->deck[player]), state->deckCount[player], sizeof(int), compare); 
call    0 returned 100%
        -:  212:  /* SORT CARDS IN DECK TO ENSURE DETERMINISM! */
        -:  213:
   105412:  214:  while (state->deckCount[player] > 0) {
branch  0 taken 97%
branch  1 taken 3% (fallthrough)
    99780:  215:    card = floor(Random() * state->deckCount[player]);
call    0 returned 100%
    99780:  216:    newDeck[newDeckPos] = state->deck[player][card];
    99780:  217:    newDeckPos++;
  1226449:  218:    for (i = card; i < state->deckCount[player]-1; i++) {
branch  0 taken 92%
branch  1 taken 8% (fallthrough)
  1126669:  219:      state->deck[player][i] = state->deck[player][i+1];
        -:  220:    }
    99780:  221:    state->deckCount[player]--;
        -:  222:  }
   102596:  223:  for (i = 0; i < newDeckPos; i++) {
branch  0 taken 97%
branch  1 taken 3% (fallthrough)
    99780:  224:    state->deck[player][i] = newDeck[i];
    99780:  225:    state->deckCount[player]++;
        -:  226:  }
        -:  227:
     2816:  228:  return 0;
        -:  229:}
        -:  230:
function playCard called 30000 returned 100% blocks executed 73%
    30000:  231:int playCard(int handPos, int choice1, int choice2, int choice3, struct gameState *state) 
        -:  232:{	
        -:  233:  int card;
    30000:  234:  int coin_bonus = 0; 		//tracks coins gain from actions
        -:  235:
        -:  236:  //check if it is the right phase
    30000:  237:  if (state->phase != 0)
branch  0 taken 0% (fallthrough)
branch  1 taken 100%
        -:  238:    {
    #####:  239:      return -1;
        -:  240:    }
        -:  241:	
        -:  242:  //check if player has enough actions
    30000:  243:  if ( state->numActions < 1 )
branch  0 taken 0% (fallthrough)
branch  1 taken 100%
        -:  244:    {
    #####:  245:      return -1;
        -:  246:    }
        -:  247:	
        -:  248:  //get card played
    30000:  249:  card = handCard(handPos, state);
call    0 returned 100%
        -:  250:	
        -:  251:  //check if selected card is an action
    30000:  252:  if ( card < adventurer || card > treasure_map )
branch  0 taken 100% (fallthrough)
branch  1 taken 0%
branch  2 taken 0% (fallthrough)
branch  3 taken 100%
        -:  253:    {
    #####:  254:      return -1;
        -:  255:    }
        -:  256:	
        -:  257:  //play card
    30000:  258:  if ( cardEffect(card, choice1, choice2, choice3, state, handPos, &coin_bonus) < 0 )
call    0 returned 100%
branch  1 taken 0% (fallthrough)
branch  2 taken 100%
        -:  259:    {
    #####:  260:      return -1;
        -:  261:    }
        -:  262:	
        -:  263:  //reduce number of actions
    30000:  264:  state->numActions--;
        -:  265:
        -:  266:  //update coins (Treasure cards may be added with card draws)
    30000:  267:  updateCoins(state->whoseTurn, state, coin_bonus);
call    0 returned 100%
        -:  268:	
    30000:  269:  return 0;
        -:  270:}
        -:  271:
function buyCard called 0 returned 0% blocks executed 0%
    #####:  272:int buyCard(int supplyPos, struct gameState *state) {
        -:  273:  int who;
        -:  274:  if (DEBUG){
        -:  275:    printf("Entering buyCard...\n");
        -:  276:  }
        -:  277:
        -:  278:  // I don't know what to do about the phase thing.
        -:  279:
    #####:  280:  who = state->whoseTurn;
        -:  281:
    #####:  282:  if (state->numBuys < 1){
branch  0 never executed
branch  1 never executed
        -:  283:    if (DEBUG)
        -:  284:      printf("You do not have any buys left\n");
    #####:  285:    return -1;
    #####:  286:  } else if (supplyCount(supplyPos, state) <1){
call    0 never executed
branch  1 never executed
branch  2 never executed
        -:  287:    if (DEBUG)
        -:  288:      printf("There are not any of that type of card left\n");
    #####:  289:    return -1;
    #####:  290:  } else if (state->coins < getCost(supplyPos)){
call    0 never executed
branch  1 never executed
branch  2 never executed
        -:  291:    if (DEBUG) 
        -:  292:      printf("You do not have enough money to buy that. You have %d coins.\n", state->coins);
    #####:  293:    return -1;
        -:  294:  } else {
    #####:  295:    state->phase=1;
        -:  296:    //state->supplyCount[supplyPos]--;
    #####:  297:    gainCard(supplyPos, state, 0, who); //card goes in discard, this might be wrong.. (2 means goes into hand, 0 goes into discard)
call    0 never executed
        -:  298:  
    #####:  299:    state->coins = (state->coins) - (getCost(supplyPos));
call    0 never executed
    #####:  300:    state->numBuys--;
        -:  301:    if (DEBUG)
        -:  302:      printf("You bought card number %d for %d coins. You now have %d buys and %d coins.\n", supplyPos, getCost(supplyPos), state->numBuys, state->coins);
        -:  303:  }
        -:  304:
        -:  305:  //state->discard[who][state->discardCount[who]] = supplyPos;
        -:  306:  //state->discardCount[who]++;
        -:  307:    
    #####:  308:  return 0;
        -:  309:}
        -:  310:
function numHandCards called 0 returned 0% blocks executed 0%
    #####:  311:int numHandCards(struct gameState *state) {
    #####:  312:  return state->handCount[ whoseTurn(state) ];
call    0 never executed
        -:  313:}
        -:  314:
function handCard called 30000 returned 100% blocks executed 100%
    30000:  315:int handCard(int handPos, struct gameState *state) {
    30000:  316:  int currentPlayer = whoseTurn(state);
call    0 returned 100%
    30000:  317:  return state->hand[currentPlayer][handPos];
        -:  318:}
        -:  319:
function supplyCount called 0 returned 0% blocks executed 0%
    #####:  320:int supplyCount(int card, struct gameState *state) {
    #####:  321:  return state->supplyCount[card];
        -:  322:}
        -:  323:
function fullDeckCount called 0 returned 0% blocks executed 0%
    #####:  324:int fullDeckCount(int player, int card, struct gameState *state) {
        -:  325:  int i;
    #####:  326:  int count = 0;
        -:  327:
    #####:  328:  for (i = 0; i < state->deckCount[player]; i++)
branch  0 never executed
branch  1 never executed
        -:  329:    {
    #####:  330:      if (state->deck[player][i] == card) count++;
branch  0 never executed
branch  1 never executed
        -:  331:    }
        -:  332:
    #####:  333:  for (i = 0; i < state->handCount[player]; i++)
branch  0 never executed
branch  1 never executed
        -:  334:    {
    #####:  335:      if (state->hand[player][i] == card) count++;
branch  0 never executed
branch  1 never executed
        -:  336:    }
        -:  337:
    #####:  338:  for (i = 0; i < state->discardCount[player]; i++)
branch  0 never executed
branch  1 never executed
        -:  339:    {
    #####:  340:      if (state->discard[player][i] == card) count++;
branch  0 never executed
branch  1 never executed
        -:  341:    }
        -:  342:
    #####:  343:  return count;
        -:  344:}
        -:  345:
function whoseTurn called 60000 returned 100% blocks executed 100%
    60000:  346:int whoseTurn(struct gameState *state) {
    60000:  347:  return state->whoseTurn;
        -:  348:}
        -:  349:
function endTurn called 0 returned 0% blocks executed 0%
    #####:  350:int endTurn(struct gameState *state) {
        -:  351:  int k;
        -:  352:  int i;
    #####:  353:  int currentPlayer = whoseTurn(state);
call    0 never executed
        -:  354:  
        -:  355:  //Discard hand
    #####:  356:  for (i = 0; i < state->handCount[currentPlayer]; i++){
branch  0 never executed
branch  1 never executed
    #####:  357:    state->discard[currentPlayer][state->discardCount[currentPlayer]++] = state->hand[currentPlayer][i];//Discard
    #####:  358:    state->hand[currentPlayer][i] = -1;//Set card to -1
        -:  359:  }
    #####:  360:  state->handCount[currentPlayer] = 0;//Reset hand count
        -:  361:    
        -:  362:  //Code for determining the player
    #####:  363:  if (currentPlayer < (state->numPlayers - 1)){ 
branch  0 never executed
branch  1 never executed
    #####:  364:    state->whoseTurn = currentPlayer + 1;//Still safe to increment
        -:  365:  }
        -:  366:  else{
    #####:  367:    state->whoseTurn = 0;//Max player has been reached, loop back around to player 1
        -:  368:  }
        -:  369:
    #####:  370:  state->outpostPlayed = 0;
    #####:  371:  state->phase = 0;
    #####:  372:  state->numActions = 1;
    #####:  373:  state->coins = 0;
    #####:  374:  state->numBuys = 1;
    #####:  375:  state->playedCardCount = 0;
    #####:  376:  state->handCount[state->whoseTurn] = 0;
        -:  377:
        -:  378:  //int k; move to top
        -:  379:  //Next player draws hand
    #####:  380:  for (k = 0; k < 5; k++){
branch  0 never executed
branch  1 never executed
    #####:  381:    drawCard(state->whoseTurn, state);//Draw a card
call    0 never executed
        -:  382:  }
        -:  383:
        -:  384:  //Update money
    #####:  385:  updateCoins(state->whoseTurn, state , 0);
call    0 never executed
        -:  386:
    #####:  387:  return 0;
        -:  388:}
        -:  389:
function isGameOver called 0 returned 0% blocks executed 0%
    #####:  390:int isGameOver(struct gameState *state) {
        -:  391:  int i;
        -:  392:  int j;
        -:  393:	
        -:  394:  //if stack of Province cards is empty, the game ends
    #####:  395:  if (state->supplyCount[province] == 0)
branch  0 never executed
branch  1 never executed
        -:  396:    {
    #####:  397:      return 1;
        -:  398:    }
        -:  399:
        -:  400:  //if three supply pile are at 0, the game ends
    #####:  401:  j = 0;
    #####:  402:  for (i = 0; i < 25; i++)
branch  0 never executed
branch  1 never executed
        -:  403:    {
    #####:  404:      if (state->supplyCount[i] == 0)
branch  0 never executed
branch  1 never executed
        -:  405:	{
    #####:  406:	  j++;
        -:  407:	}
        -:  408:    }
    #####:  409:  if ( j >= 3)
branch  0 never executed
branch  1 never executed
        -:  410:    {
    #####:  411:      return 1;
        -:  412:    }
        -:  413:
    #####:  414:  return 0;
        -:  415:}
        -:  416:
function scoreFor called 0 returned 0% blocks executed 0%
    #####:  417:int scoreFor (int player, struct gameState *state) {
        -:  418:
        -:  419:  int i;
    #####:  420:  int score = 0;
        -:  421:  //score from hand
    #####:  422:  for (i = 0; i < state->handCount[player]; i++)
branch  0 never executed
branch  1 never executed
        -:  423:    {
    #####:  424:      if (state->hand[player][i] == curse) { score = score - 1; };
branch  0 never executed
branch  1 never executed
    #####:  425:      if (state->hand[player][i] == estate) { score = score + 1; };
branch  0 never executed
branch  1 never executed
    #####:  426:      if (state->hand[player][i] == duchy) { score = score + 3; };
branch  0 never executed
branch  1 never executed
    #####:  427:      if (state->hand[player][i] == province) { score = score + 6; };
branch  0 never executed
branch  1 never executed
    #####:  428:      if (state->hand[player][i] == great_hall) { score = score + 1; };
branch  0 never executed
branch  1 never executed
    #####:  429:      if (state->hand[player][i] == gardens) { score = score + ( fullDeckCount(player, 0, state) / 10 ); };
branch  0 never executed
branch  1 never executed
call    2 never executed
        -:  430:    }
        -:  431:
        -:  432:  //score from discard
    #####:  433:  for (i = 0; i < state->discardCount[player]; i++)
branch  0 never executed
branch  1 never executed
        -:  434:    {
    #####:  435:      if (state->discard[player][i] == curse) { score = score - 1; };
branch  0 never executed
branch  1 never executed
    #####:  436:      if (state->discard[player][i] == estate) { score = score + 1; };
branch  0 never executed
branch  1 never executed
    #####:  437:      if (state->discard[player][i] == duchy) { score = score + 3; };
branch  0 never executed
branch  1 never executed
    #####:  438:      if (state->discard[player][i] == province) { score = score + 6; };
branch  0 never executed
branch  1 never executed
    #####:  439:      if (state->discard[player][i] == great_hall) { score = score + 1; };
branch  0 never executed
branch  1 never executed
    #####:  440:      if (state->discard[player][i] == gardens) { score = score + ( fullDeckCount(player, 0, state) / 10 ); };
branch  0 never executed
branch  1 never executed
call    2 never executed
        -:  441:    }
        -:  442:
        -:  443:  //score from deck
    #####:  444:  for (i = 0; i < state->discardCount[player]; i++)
branch  0 never executed
branch  1 never executed
        -:  445:    {
    #####:  446:      if (state->deck[player][i] == curse) { score = score - 1; };
branch  0 never executed
branch  1 never executed
    #####:  447:      if (state->deck[player][i] == estate) { score = score + 1; };
branch  0 never executed
branch  1 never executed
    #####:  448:      if (state->deck[player][i] == duchy) { score = score + 3; };
branch  0 never executed
branch  1 never executed
    #####:  449:      if (state->deck[player][i] == province) { score = score + 6; };
branch  0 never executed
branch  1 never executed
    #####:  450:      if (state->deck[player][i] == great_hall) { score = score + 1; };
branch  0 never executed
branch  1 never executed
    #####:  451:      if (state->deck[player][i] == gardens) { score = score + ( fullDeckCount(player, 0, state) / 10 ); };
branch  0 never executed
branch  1 never executed
call    2 never executed
        -:  452:    }
        -:  453:
    #####:  454:  return score;
        -:  455:}
        -:  456:
function getWinners called 0 returned 0% blocks executed 0%
    #####:  457:int getWinners(int players[MAX_PLAYERS], struct gameState *state) {
        -:  458:  int i;	
        -:  459:  int j;
        -:  460:  int highScore;
        -:  461:  int currentPlayer;
        -:  462:
        -:  463:  //get score for each player
    #####:  464:  for (i = 0; i < MAX_PLAYERS; i++)
branch  0 never executed
branch  1 never executed
        -:  465:    {
        -:  466:      //set unused player scores to -9999
    #####:  467:      if (i >= state->numPlayers)
branch  0 never executed
branch  1 never executed
        -:  468:	{
    #####:  469:	  players[i] = -9999;
        -:  470:	}
        -:  471:      else
        -:  472:	{
    #####:  473:	  players[i] = scoreFor (i, state);
call    0 never executed
        -:  474:	}
        -:  475:    }
        -:  476:
        -:  477:  //find highest score
    #####:  478:  j = 0;
    #####:  479:  for (i = 0; i < MAX_PLAYERS; i++)
branch  0 never executed
branch  1 never executed
        -:  480:    {
    #####:  481:      if (players[i] > players[j])
branch  0 never executed
branch  1 never executed
        -:  482:	{
    #####:  483:	  j = i;
        -:  484:	}
        -:  485:    }
    #####:  486:  highScore = players[j];
        -:  487:
        -:  488:  //add 1 to players who had less turns
    #####:  489:  currentPlayer = whoseTurn(state);
call    0 never executed
    #####:  490:  for (i = 0; i < MAX_PLAYERS; i++)
branch  0 never executed
branch  1 never executed
        -:  491:    {
    #####:  492:      if ( players[i] == highScore && i > currentPlayer )
branch  0 never executed
branch  1 never executed
branch  2 never executed
branch  3 never executed
        -:  493:	{
    #####:  494:	  players[i]++;
        -:  495:	}
        -:  496:    }
        -:  497:
        -:  498:  //find new highest score
    #####:  499:  j = 0;
    #####:  500:  for (i = 0; i < MAX_PLAYERS; i++)
branch  0 never executed
branch  1 never executed
        -:  501:    {
    #####:  502:      if ( players[i] > players[j] )
branch  0 never executed
branch  1 never executed
        -:  503:	{
    #####:  504:	  j = i;
        -:  505:	}
        -:  506:    }
    #####:  507:  highScore = players[j];
        -:  508:
        -:  509:  //set winners in array to 1 and rest to 0
    #####:  510:  for (i = 0; i < MAX_PLAYERS; i++)
branch  0 never executed
branch  1 never executed
        -:  511:    {
    #####:  512:      if ( players[i] == highScore )
branch  0 never executed
branch  1 never executed
        -:  513:	{
    #####:  514:	  players[i] = 1;
        -:  515:	}
        -:  516:      else
        -:  517:	{
    #####:  518:	  players[i] = 0;
        -:  519:	}
        -:  520:    }
        -:  521:
    #####:  522:  return 0;
        -:  523:}
        -:  524:
function drawCard called 198093 returned 100% blocks executed 100%
   198093:  525:int drawCard(int player, struct gameState *state)
        -:  526:{	int count;
        -:  527:  int deckCounter;
   198093:  528:  if (state->deckCount[player] <= 0){//Deck is empty
branch  0 taken 2% (fallthrough)
branch  1 taken 98%
        -:  529:    
        -:  530:    //Step 1 Shuffle the discard pile back into a deck
        -:  531:    int i;
        -:  532:    //Move discard to deck
   104443:  533:    for (i = 0; i < state->discardCount[player];i++){
branch  0 taken 96%
branch  1 taken 4% (fallthrough)
    99780:  534:      state->deck[player][i] = state->discard[player][i];
    99780:  535:      state->discard[player][i] = -1;
        -:  536:    }
        -:  537:
     4663:  538:    state->deckCount[player] = state->discardCount[player];
     4663:  539:    state->discardCount[player] = 0;//Reset discard
        -:  540:
        -:  541:    //Shufffle the deck
     4663:  542:    shuffle(player, state);//Shuffle the deck up and make it so that we can draw
call    0 returned 100%
        -:  543:   
        -:  544:    if (DEBUG){//Debug statements
        -:  545:      printf("Deck count now: %d\n", state->deckCount[player]);
        -:  546:    }
        -:  547:    
     4663:  548:    state->discardCount[player] = 0;
        -:  549:
        -:  550:    //Step 2 Draw Card
     4663:  551:    count = state->handCount[player];//Get current player's hand count
        -:  552:    
        -:  553:    if (DEBUG){//Debug statements
        -:  554:      printf("Current hand count: %d\n", count);
        -:  555:    }
        -:  556:    
     4663:  557:    deckCounter = state->deckCount[player];//Create a holder for the deck count
        -:  558:
     4663:  559:    if (deckCounter == 0)
branch  0 taken 40% (fallthrough)
branch  1 taken 60%
     1847:  560:      return -1;
        -:  561:
     2816:  562:    state->hand[player][count] = state->deck[player][deckCounter - 1];//Add card to hand
     2816:  563:    state->deckCount[player]--;
     2816:  564:    state->handCount[player]++;//Increment hand count
        -:  565:  }
        -:  566:
        -:  567:  else{
   193430:  568:    int count = state->handCount[player];//Get current hand count for player
        -:  569:    int deckCounter;
        -:  570:    if (DEBUG){//Debug statements
        -:  571:      printf("Current hand count: %d\n", count);
        -:  572:    }
        -:  573:
   193430:  574:    deckCounter = state->deckCount[player];//Create holder for the deck count
   193430:  575:    state->hand[player][count] = state->deck[player][deckCounter - 1];//Add card to the hand
   193430:  576:    state->deckCount[player]--;
   193430:  577:    state->handCount[player]++;//Increment hand count
        -:  578:  }
        -:  579:
   196246:  580:  return 0;
        -:  581:}
        -:  582:
function getCost called 0 returned 0% blocks executed 0%
    #####:  583:int getCost(int cardNumber)
        -:  584:{
    #####:  585:  switch( cardNumber ) 
branch  0 never executed
branch  1 never executed
branch  2 never executed
branch  3 never executed
branch  4 never executed
branch  5 never executed
branch  6 never executed
branch  7 never executed
branch  8 never executed
branch  9 never executed
branch 10 never executed
branch 11 never executed
branch 12 never executed
branch 13 never executed
branch 14 never executed
branch 15 never executed
branch 16 never executed
branch 17 never executed
branch 18 never executed
branch 19 never executed
branch 20 never executed
branch 21 never executed
branch 22 never executed
branch 23 never executed
branch 24 never executed
branch 25 never executed
branch 26 never executed
branch 27 never executed
        -:  586:    {
        -:  587:    case curse:
    #####:  588:      return 0;
        -:  589:    case estate:
    #####:  590:      return 2;
        -:  591:    case duchy:
    #####:  592:      return 5;
        -:  593:    case province:
    #####:  594:      return 8;
        -:  595:    case copper:
    #####:  596:      return 0;
        -:  597:    case silver:
    #####:  598:      return 3;
        -:  599:    case gold:
    #####:  600:      return 6;
        -:  601:    case adventurer:
    #####:  602:      return 6;
        -:  603:    case council_room:
    #####:  604:      return 5;
        -:  605:    case feast:
    #####:  606:      return 4;
        -:  607:    case gardens:
    #####:  608:      return 4;
        -:  609:    case mine:
    #####:  610:      return 5;
        -:  611:    case remodel:
    #####:  612:      return 4;
        -:  613:    case smithy:
    #####:  614:      return 4;
        -:  615:    case village:
    #####:  616:      return 3;
        -:  617:    case baron:
    #####:  618:      return 4;
        -:  619:    case great_hall:
    #####:  620:      return 3;
        -:  621:    case minion:
    #####:  622:      return 5;
        -:  623:    case steward:
    #####:  624:      return 3;
        -:  625:    case tribute:
    #####:  626:      return 5;
        -:  627:    case ambassador:
    #####:  628:      return 3;
        -:  629:    case cutpurse:
    #####:  630:      return 4;
        -:  631:    case embargo: 
    #####:  632:      return 2;
        -:  633:    case outpost:
    #####:  634:      return 5;
        -:  635:    case salvager:
    #####:  636:      return 4;
        -:  637:    case sea_hag:
    #####:  638:      return 4;
        -:  639:    case treasure_map:
    #####:  640:      return 4;
        -:  641:    }
        -:  642:	
    #####:  643:  return -1;
        -:  644:}
        -:  645:
function cardEffect called 30000 returned 100% blocks executed 5%
    30000:  646:int cardEffect(int card, int choice1, int choice2, int choice3, struct gameState *state, int handPos, int *bonus)
        -:  647:{
        -:  648:  int i;
        -:  649:  int j;
        -:  650:  int k;
        -:  651:  int x;
        -:  652:  int index;
    30000:  653:  int currentPlayer = whoseTurn(state);
call    0 returned 100%
    30000:  654:  int nextPlayer = currentPlayer + 1;
        -:  655:
    30000:  656:  int tributeRevealedCards[2] = {-1, -1};
        -:  657:  int temphand[MAX_HAND];// moved above the if statement
        -:  658:  //int cardDrawn;
        -:  659:  //int z = 0;// this is the counter for the temp hand
    30000:  660:  if (nextPlayer > (state->numPlayers - 1)){
branch  0 taken 100% (fallthrough)
branch  1 taken 0%
    30000:  661:    nextPlayer = 0;
        -:  662:  }
        -:  663:  
        -:  664:	
        -:  665:  //uses switch to select card and perform actions
    30000:  666:  switch( card ) 
branch  0 taken 33%
branch  1 taken 0%
branch  2 taken 0%
branch  3 taken 0%
branch  4 taken 0%
branch  5 taken 0%
branch  6 taken 33%
branch  7 taken 33%
branch  8 taken 0%
branch  9 taken 0%
branch 10 taken 0%
branch 11 taken 0%
branch 12 taken 0%
branch 13 taken 0%
branch 14 taken 0%
branch 15 taken 0%
branch 16 taken 0%
branch 17 taken 0%
branch 18 taken 0%
branch 19 taken 0%
branch 20 taken 0%
        -:  667:    {
        -:  668:    case adventurer:
    10000:  669:      adventurer_effect(state, currentPlayer, temphand);
call    0 returned 100%
    10000:  670:      return 0;                         
        -:  671:			
        -:  672:    case council_room:
    #####:  673:      council_room_effect(state, currentPlayer, handPos);
call    0 never executed
    #####:  674:      return 0;
        -:  675:			
        -:  676:    case feast:
        -:  677:      //gain card with cost up to 5
        -:  678:      //Backup hand
    #####:  679:      for (i = 0; i <= state->handCount[currentPlayer]; i++){
branch  0 never executed
branch  1 never executed
    #####:  680:	temphand[i] = state->hand[currentPlayer][i];//Backup card
    #####:  681:	state->hand[currentPlayer][i] = -1;//Set to nothing
        -:  682:      }
        -:  683:      //Backup hand
        -:  684:
        -:  685:      //Update Coins for Buy
    #####:  686:      updateCoins(currentPlayer, state, 5);
call    0 never executed
    #####:  687:      x = 1;//Condition to loop on
    #####:  688:      while( x == 1) {//Buy one card
branch  0 never executed
branch  1 never executed
    #####:  689:	if (supplyCount(choice1, state) <= 0){
call    0 never executed
branch  1 never executed
branch  2 never executed
        -:  690:	  if (DEBUG)
        -:  691:	    printf("None of that card left, sorry!\n");
        -:  692:
        -:  693:	  if (DEBUG){
        -:  694:	    printf("Cards Left: %d\n", supplyCount(choice1, state));
        -:  695:	  }
        -:  696:	}
    #####:  697:	else if (state->coins < getCost(choice1)){
call    0 never executed
branch  1 never executed
branch  2 never executed
    #####:  698:	  printf("That card is too expensive!\n");
call    0 never executed
        -:  699:
        -:  700:	  if (DEBUG){
        -:  701:	    printf("Coins: %d < %d\n", state->coins, getCost(choice1));
        -:  702:	  }
        -:  703:	}
        -:  704:	else{
        -:  705:
        -:  706:	  if (DEBUG){
        -:  707:	    printf("Deck Count: %d\n", state->handCount[currentPlayer] + state->deckCount[currentPlayer] + state->discardCount[currentPlayer]);
        -:  708:	  }
        -:  709:
    #####:  710:	  gainCard(choice1, state, 0, currentPlayer);//Gain the card
call    0 never executed
    #####:  711:	  x = 0;//No more buying cards
        -:  712:
        -:  713:	  if (DEBUG){
        -:  714:	    printf("Deck Count: %d\n", state->handCount[currentPlayer] + state->deckCount[currentPlayer] + state->discardCount[currentPlayer]);
        -:  715:	  }
        -:  716:
        -:  717:	}
        -:  718:      }     
        -:  719:
        -:  720:      //Reset Hand
    #####:  721:      for (i = 0; i <= state->handCount[currentPlayer]; i++){
branch  0 never executed
branch  1 never executed
    #####:  722:	state->hand[currentPlayer][i] = temphand[i];
    #####:  723:	temphand[i] = -1;
        -:  724:      }
        -:  725:      //Reset Hand
        -:  726:      			
    #####:  727:      return 0;
        -:  728:			
        -:  729:    case gardens:
    #####:  730:      gardens_effect(state, currentPlayer);
call    0 never executed
    #####:  731:      return -1;
        -:  732:			
        -:  733:    case mine:
    #####:  734:      j = state->hand[currentPlayer][choice1];  //store card we will trash
        -:  735:
    #####:  736:      if (state->hand[currentPlayer][choice1] < copper || state->hand[currentPlayer][choice1] > gold)
branch  0 never executed
branch  1 never executed
branch  2 never executed
branch  3 never executed
        -:  737:	{
    #####:  738:	  return -1;
        -:  739:	}
        -:  740:		
    #####:  741:      if (choice2 > treasure_map || choice2 < curse)
branch  0 never executed
branch  1 never executed
branch  2 never executed
branch  3 never executed
        -:  742:	{
    #####:  743:	  return -1;
        -:  744:	}
        -:  745:
    #####:  746:      if ( (getCost(state->hand[currentPlayer][choice1]) + 3) > getCost(choice2) )
call    0 never executed
call    1 never executed
branch  2 never executed
branch  3 never executed
        -:  747:	{
    #####:  748:	  return -1;
        -:  749:	}
        -:  750:
    #####:  751:      gainCard(choice2, state, 2, currentPlayer);
call    0 never executed
        -:  752:
        -:  753:      //discard card from hand
    #####:  754:      discardCard(handPos, currentPlayer, state, 0);
call    0 never executed
        -:  755:
        -:  756:      //discard trashed card
    #####:  757:      for (i = 0; i < state->handCount[currentPlayer]; i++)
branch  0 never executed
branch  1 never executed
        -:  758:	{
    #####:  759:	  if (state->hand[currentPlayer][i] == j)
branch  0 never executed
branch  1 never executed
        -:  760:	    {
    #####:  761:	      discardCard(i, currentPlayer, state, 0);			
call    0 never executed
    #####:  762:	      break;
        -:  763:	    }
        -:  764:	}
        -:  765:			
    #####:  766:      return 0;
        -:  767:			
        -:  768:    case remodel:
    #####:  769:      j = state->hand[currentPlayer][choice1];  //store card we will trash
        -:  770:
    #####:  771:      if ( (getCost(state->hand[currentPlayer][choice1]) + 2) > getCost(choice2) )
call    0 never executed
call    1 never executed
branch  2 never executed
branch  3 never executed
        -:  772:	{
    #####:  773:	  return -1;
        -:  774:	}
        -:  775:
    #####:  776:      gainCard(choice2, state, 0, currentPlayer);
call    0 never executed
        -:  777:
        -:  778:      //discard card from hand
    #####:  779:      discardCard(handPos, currentPlayer, state, 0);
call    0 never executed
        -:  780:
        -:  781:      //discard trashed card
    #####:  782:      for (i = 0; i < state->handCount[currentPlayer]; i++)
branch  0 never executed
branch  1 never executed
        -:  783:	{
    #####:  784:	  if (state->hand[currentPlayer][i] == j)
branch  0 never executed
branch  1 never executed
        -:  785:	    {
    #####:  786:	      discardCard(i, currentPlayer, state, 0);			
call    0 never executed
    #####:  787:	      break;
        -:  788:	    }
        -:  789:	}
        -:  790:
        -:  791:
    #####:  792:      return 0;
        -:  793:		
        -:  794:    case smithy:
    10000:  795:      smithy_effect(state, currentPlayer, handPos);
call    0 returned 100%
    10000:  796:      return 0;
        -:  797:		
        -:  798:    case village:
    10000:  799:      village_effect(state, currentPlayer, handPos);
call    0 returned 100%
    10000:  800:      return 0;
        -:  801:		
        -:  802:    case baron:
    #####:  803:      state->numBuys++;//Increase buys by 1!
    #####:  804:      if (choice1 > 0){//Boolean true or going to discard an estate
branch  0 never executed
branch  1 never executed
    #####:  805:	int p = 0;//Iterator for hand!
    #####:  806:	int card_not_discarded = 1;//Flag for discard set!
    #####:  807:	while(card_not_discarded){
branch  0 never executed
branch  1 never executed
    #####:  808:	  if (state->hand[currentPlayer][p] == estate){//Found an estate card!
branch  0 never executed
branch  1 never executed
    #####:  809:	    state->coins += 4;//Add 4 coins to the amount of coins
    #####:  810:	    state->discard[currentPlayer][state->discardCount[currentPlayer]] = state->hand[currentPlayer][p];
    #####:  811:	    state->discardCount[currentPlayer]++;
    #####:  812:	    for (;p < state->handCount[currentPlayer]; p++){
branch  0 never executed
branch  1 never executed
    #####:  813:	      state->hand[currentPlayer][p] = state->hand[currentPlayer][p+1];
        -:  814:	    }
    #####:  815:	    state->hand[currentPlayer][state->handCount[currentPlayer]] = -1;
    #####:  816:	    state->handCount[currentPlayer]--;
    #####:  817:	    card_not_discarded = 0;//Exit the loop
        -:  818:	  }
    #####:  819:	  else if (p > state->handCount[currentPlayer]){
branch  0 never executed
branch  1 never executed
        -:  820:	    if(DEBUG) {
        -:  821:	      printf("No estate cards in your hand, invalid choice\n");
        -:  822:	      printf("Must gain an estate if there are any\n");
        -:  823:	    }
    #####:  824:	    if (supplyCount(estate, state) > 0){
call    0 never executed
branch  1 never executed
branch  2 never executed
    #####:  825:	      gainCard(estate, state, 0, currentPlayer);
call    0 never executed
    #####:  826:	      state->supplyCount[estate]--;//Decrement estates
    #####:  827:	      if (supplyCount(estate, state) == 0){
call    0 never executed
branch  1 never executed
branch  2 never executed
    #####:  828:		isGameOver(state);
call    0 never executed
        -:  829:	      }
        -:  830:	    }
    #####:  831:	    card_not_discarded = 0;//Exit the loop
        -:  832:	  }
        -:  833:			    
        -:  834:	  else{
    #####:  835:	    p++;//Next card
        -:  836:	  }
        -:  837:	}
        -:  838:      }
        -:  839:			    
        -:  840:      else{
    #####:  841:	if (supplyCount(estate, state) > 0){
call    0 never executed
branch  1 never executed
branch  2 never executed
    #####:  842:	  gainCard(estate, state, 0, currentPlayer);//Gain an estate
call    0 never executed
    #####:  843:	  state->supplyCount[estate]--;//Decrement Estates
    #####:  844:	  if (supplyCount(estate, state) == 0){
call    0 never executed
branch  1 never executed
branch  2 never executed
    #####:  845:	    isGameOver(state);
call    0 never executed
        -:  846:	  }
        -:  847:	}
        -:  848:      }
        -:  849:	    
        -:  850:      
    #####:  851:      return 0;
        -:  852:		
        -:  853:    case great_hall:
        -:  854:      //+1 Card
    #####:  855:      drawCard(currentPlayer, state);
call    0 never executed
        -:  856:			
        -:  857:      //+1 Actions
    #####:  858:      state->numActions++;
        -:  859:			
        -:  860:      //discard card from hand
    #####:  861:      discardCard(handPos, currentPlayer, state, 0);
call    0 never executed
    #####:  862:      return 0;
        -:  863:		
        -:  864:    case minion:
        -:  865:      //+1 action
    #####:  866:      state->numActions++;
        -:  867:			
        -:  868:      //discard card from hand
    #####:  869:      discardCard(handPos, currentPlayer, state, 0);
call    0 never executed
        -:  870:			
    #####:  871:      if (choice1)		//+2 coins
branch  0 never executed
branch  1 never executed
        -:  872:	{
    #####:  873:	  state->coins = state->coins + 2;
        -:  874:	}
        -:  875:			
    #####:  876:      else if (choice2)		//discard hand, redraw 4, other players with 5+ cards discard hand and draw 4
branch  0 never executed
branch  1 never executed
        -:  877:	{
        -:  878:	  //discard hand
    #####:  879:	  while(numHandCards(state) > 0)
call    0 never executed
branch  1 never executed
branch  2 never executed
        -:  880:	    {
    #####:  881:	      discardCard(handPos, currentPlayer, state, 0);
call    0 never executed
        -:  882:	    }
        -:  883:				
        -:  884:	  //draw 4
    #####:  885:	  for (i = 0; i < 4; i++)
branch  0 never executed
branch  1 never executed
        -:  886:	    {
    #####:  887:	      drawCard(currentPlayer, state);
call    0 never executed
        -:  888:	    }
        -:  889:				
        -:  890:	  //other players discard hand and redraw if hand size > 4
    #####:  891:	  for (i = 0; i < state->numPlayers; i++)
branch  0 never executed
branch  1 never executed
        -:  892:	    {
    #####:  893:	      if (i != currentPlayer)
branch  0 never executed
branch  1 never executed
        -:  894:		{
    #####:  895:		  if ( state->handCount[i] > 4 )
branch  0 never executed
branch  1 never executed
        -:  896:		    {
        -:  897:		      //discard hand
    #####:  898:		      while( state->handCount[i] > 0 )
branch  0 never executed
branch  1 never executed
        -:  899:			{
    #####:  900:			  discardCard(handPos, i, state, 0);
call    0 never executed
        -:  901:			}
        -:  902:							
        -:  903:		      //draw 4
    #####:  904:		      for (j = 0; j < 4; j++)
branch  0 never executed
branch  1 never executed
        -:  905:			{
    #####:  906:			  drawCard(i, state);
call    0 never executed
        -:  907:			}
        -:  908:		    }
        -:  909:		}
        -:  910:	    }
        -:  911:				
        -:  912:	}
    #####:  913:      return 0;
        -:  914:		
        -:  915:    case steward:
    #####:  916:      if (choice1 == 1)
branch  0 never executed
branch  1 never executed
        -:  917:	{
        -:  918:	  //+2 cards
    #####:  919:	  drawCard(currentPlayer, state);
call    0 never executed
    #####:  920:	  drawCard(currentPlayer, state);
call    0 never executed
        -:  921:	}
    #####:  922:      else if (choice1 == 2)
branch  0 never executed
branch  1 never executed
        -:  923:	{
        -:  924:	  //+2 coins
    #####:  925:	  state->coins = state->coins + 2;
        -:  926:	}
        -:  927:      else
        -:  928:	{
        -:  929:	  //trash 2 cards in hand
    #####:  930:	  discardCard(choice2, currentPlayer, state, 1);
call    0 never executed
    #####:  931:	  discardCard(choice3, currentPlayer, state, 1);
call    0 never executed
        -:  932:	}
        -:  933:			
        -:  934:      //discard card from hand
    #####:  935:      discardCard(handPos, currentPlayer, state, 0);
call    0 never executed
    #####:  936:      return 0;
        -:  937:		
        -:  938:    case tribute:
    #####:  939:      if ((state->discardCount[nextPlayer] + state->deckCount[nextPlayer]) <= 1){
branch  0 never executed
branch  1 never executed
    #####:  940:	if (state->deckCount[nextPlayer] > 0){
branch  0 never executed
branch  1 never executed
    #####:  941:	  tributeRevealedCards[0] = state->deck[nextPlayer][state->deckCount[nextPlayer]-1];
    #####:  942:	  state->deckCount[nextPlayer]--;
        -:  943:	}
    #####:  944:	else if (state->discardCount[nextPlayer] > 0){
branch  0 never executed
branch  1 never executed
    #####:  945:	  tributeRevealedCards[0] = state->discard[nextPlayer][state->discardCount[nextPlayer]-1];
    #####:  946:	  state->discardCount[nextPlayer]--;
        -:  947:	}
        -:  948:	else{
        -:  949:	  //No Card to Reveal
        -:  950:	  if (DEBUG){
        -:  951:	    printf("No cards to reveal\n");
        -:  952:	  }
        -:  953:	}
        -:  954:      }
        -:  955:	    
        -:  956:      else{
    #####:  957:	if (state->deckCount[nextPlayer] == 0){
branch  0 never executed
branch  1 never executed
    #####:  958:	  for (i = 0; i < state->discardCount[nextPlayer]; i++){
branch  0 never executed
branch  1 never executed
    #####:  959:	    state->deck[nextPlayer][i] = state->discard[nextPlayer][i];//Move to deck
    #####:  960:	    state->deckCount[nextPlayer]++;
    #####:  961:	    state->discard[nextPlayer][i] = -1;
    #####:  962:	    state->discardCount[nextPlayer]--;
        -:  963:	  }
        -:  964:			    
    #####:  965:	  shuffle(nextPlayer,state);//Shuffle the deck
call    0 never executed
        -:  966:	} 
    #####:  967:	tributeRevealedCards[0] = state->deck[nextPlayer][state->deckCount[nextPlayer]-1];
    #####:  968:	state->deck[nextPlayer][state->deckCount[nextPlayer]--] = -1;
    #####:  969:	state->deckCount[nextPlayer]--;
    #####:  970:	tributeRevealedCards[1] = state->deck[nextPlayer][state->deckCount[nextPlayer]-1];
    #####:  971:	state->deck[nextPlayer][state->deckCount[nextPlayer]--] = -1;
    #####:  972:	state->deckCount[nextPlayer]--;
        -:  973:      }    
        -:  974:		       
    #####:  975:      if (tributeRevealedCards[0] == tributeRevealedCards[1]){//If we have a duplicate card, just drop one 
branch  0 never executed
branch  1 never executed
    #####:  976:	state->playedCards[state->playedCardCount] = tributeRevealedCards[1];
    #####:  977:	state->playedCardCount++;
    #####:  978:	tributeRevealedCards[1] = -1;
        -:  979:      }
        -:  980:
    #####:  981:      for (i = 0; i <= 2; i ++){
branch  0 never executed
branch  1 never executed
    #####:  982:	if (tributeRevealedCards[i] == copper || tributeRevealedCards[i] == silver || tributeRevealedCards[i] == gold){//Treasure cards
branch  0 never executed
branch  1 never executed
branch  2 never executed
branch  3 never executed
branch  4 never executed
branch  5 never executed
    #####:  983:	  state->coins += 2;
        -:  984:	}
        -:  985:		    
    #####:  986:	else if (tributeRevealedCards[i] == estate || tributeRevealedCards[i] == duchy || tributeRevealedCards[i] == province || tributeRevealedCards[i] == gardens || tributeRevealedCards[i] == great_hall){//Victory Card Found
branch  0 never executed
branch  1 never executed
branch  2 never executed
branch  3 never executed
branch  4 never executed
branch  5 never executed
branch  6 never executed
branch  7 never executed
branch  8 never executed
branch  9 never executed
    #####:  987:	  drawCard(currentPlayer, state);
call    0 never executed
    #####:  988:	  drawCard(currentPlayer, state);
call    0 never executed
        -:  989:	}
        -:  990:	else{//Action Card
    #####:  991:	  state->numActions = state->numActions + 2;
        -:  992:	}
        -:  993:      }
        -:  994:	    
    #####:  995:      return 0;
        -:  996:		
        -:  997:    case ambassador:
    #####:  998:      j = 0;		//used to check if player has enough cards to discard
        -:  999:
    #####: 1000:      if (choice2 > 2 || choice2 < 0)
branch  0 never executed
branch  1 never executed
branch  2 never executed
branch  3 never executed
        -: 1001:	{
    #####: 1002:	  return -1;				
        -: 1003:	}
        -: 1004:
    #####: 1005:      if (choice1 == handPos)
branch  0 never executed
branch  1 never executed
        -: 1006:	{
    #####: 1007:	  return -1;
        -: 1008:	}
        -: 1009:
    #####: 1010:      for (i = 0; i < state->handCount[currentPlayer]; i++)
branch  0 never executed
branch  1 never executed
        -: 1011:	{
    #####: 1012:	  if (i != handPos && i == state->hand[currentPlayer][choice1] && i != choice1)
branch  0 never executed
branch  1 never executed
branch  2 never executed
branch  3 never executed
branch  4 never executed
branch  5 never executed
        -: 1013:	    {
    #####: 1014:	      j++;
        -: 1015:	    }
        -: 1016:	}
    #####: 1017:      if (j < choice2)
branch  0 never executed
branch  1 never executed
        -: 1018:	{
    #####: 1019:	  return -1;				
        -: 1020:	}
        -: 1021:
        -: 1022:      if (DEBUG) 
        -: 1023:	printf("Player %d reveals card number: %d\n", currentPlayer, state->hand[currentPlayer][choice1]);
        -: 1024:
        -: 1025:      //increase supply count for choosen card by amount being discarded
    #####: 1026:      state->supplyCount[state->hand[currentPlayer][choice1]] += choice2;
        -: 1027:			
        -: 1028:      //each other player gains a copy of revealed card
    #####: 1029:      for (i = 0; i < state->numPlayers; i++)
branch  0 never executed
branch  1 never executed
        -: 1030:	{
    #####: 1031:	  if (i != currentPlayer)
branch  0 never executed
branch  1 never executed
        -: 1032:	    {
    #####: 1033:	      gainCard(state->hand[currentPlayer][choice1], state, 0, i);
call    0 never executed
        -: 1034:	    }
        -: 1035:	}
        -: 1036:
        -: 1037:      //discard played card from hand
    #####: 1038:      discardCard(handPos, currentPlayer, state, 0);			
call    0 never executed
        -: 1039:
        -: 1040:      //trash copies of cards returned to supply
    #####: 1041:      for (j = 0; j < choice2; j++)
branch  0 never executed
branch  1 never executed
        -: 1042:	{
    #####: 1043:	  for (i = 0; i < state->handCount[currentPlayer]; i++)
branch  0 never executed
branch  1 never executed
        -: 1044:	    {
    #####: 1045:	      if (state->hand[currentPlayer][i] == state->hand[currentPlayer][choice1])
branch  0 never executed
branch  1 never executed
        -: 1046:		{
    #####: 1047:		  discardCard(i, currentPlayer, state, 1);
call    0 never executed
    #####: 1048:		  break;
        -: 1049:		}
        -: 1050:	    }
        -: 1051:	}			
        -: 1052:
    #####: 1053:      return 0;
        -: 1054:		
        -: 1055:    case cutpurse:
        -: 1056:
    #####: 1057:      updateCoins(currentPlayer, state, 2);
call    0 never executed
    #####: 1058:      for (i = 0; i < state->numPlayers; i++)
branch  0 never executed
branch  1 never executed
        -: 1059:	{
    #####: 1060:	  if (i != currentPlayer)
branch  0 never executed
branch  1 never executed
        -: 1061:	    {
    #####: 1062:	      for (j = 0; j < state->handCount[i]; j++)
branch  0 never executed
branch  1 never executed
        -: 1063:		{
    #####: 1064:		  if (state->hand[i][j] == copper)
branch  0 never executed
branch  1 never executed
        -: 1065:		    {
    #####: 1066:		      discardCard(j, i, state, 0);
call    0 never executed
    #####: 1067:		      break;
        -: 1068:		    }
    #####: 1069:		  if (j == state->handCount[i])
branch  0 never executed
branch  1 never executed
        -: 1070:		    {
    #####: 1071:		      for (k = 0; k < state->handCount[i]; k++)
branch  0 never executed
branch  1 never executed
        -: 1072:			{
        -: 1073:			  if (DEBUG)
        -: 1074:			    printf("Player %d reveals card number %d\n", i, state->hand[i][k]);
        -: 1075:			}	
    #####: 1076:		      break;
        -: 1077:		    }		
        -: 1078:		}
        -: 1079:					
        -: 1080:	    }
        -: 1081:				
        -: 1082:	}				
        -: 1083:
        -: 1084:      //discard played card from hand
    #####: 1085:      discardCard(handPos, currentPlayer, state, 0);			
call    0 never executed
        -: 1086:
    #####: 1087:      return 0;
        -: 1088:
        -: 1089:		
        -: 1090:    case embargo: 
        -: 1091:      //+2 Coins
    #####: 1092:      state->coins = state->coins + 2;
        -: 1093:			
        -: 1094:      //see if selected pile is in play
    #####: 1095:      if ( state->supplyCount[choice1] == -1 )
branch  0 never executed
branch  1 never executed
        -: 1096:	{
    #####: 1097:	  return -1;
        -: 1098:	}
        -: 1099:			
        -: 1100:      //add embargo token to selected supply pile
    #####: 1101:      state->embargoTokens[choice1]++;
        -: 1102:			
        -: 1103:      //trash card
    #####: 1104:      discardCard(handPos, currentPlayer, state, 1);		
call    0 never executed
    #####: 1105:      return 0;
        -: 1106:		
        -: 1107:    case outpost:
        -: 1108:      //set outpost flag
    #####: 1109:      state->outpostPlayed++;
        -: 1110:			
        -: 1111:      //discard card
    #####: 1112:      discardCard(handPos, currentPlayer, state, 0);
call    0 never executed
    #####: 1113:      return 0;
        -: 1114:		
        -: 1115:    case salvager:
        -: 1116:      //+1 buy
    #####: 1117:      state->numBuys++;
        -: 1118:			
    #####: 1119:      if (choice1)
branch  0 never executed
branch  1 never executed
        -: 1120:	{
        -: 1121:	  //gain coins equal to trashed card
    #####: 1122:	  state->coins = state->coins + getCost( handCard(choice1, state) );
call    0 never executed
call    1 never executed
        -: 1123:	  //trash card
    #####: 1124:	  discardCard(choice1, currentPlayer, state, 1);	
call    0 never executed
        -: 1125:	}
        -: 1126:			
        -: 1127:      //discard card
    #####: 1128:      discardCard(handPos, currentPlayer, state, 0);
call    0 never executed
    #####: 1129:      return 0;
        -: 1130:		
        -: 1131:    case sea_hag:
    #####: 1132:      for (i = 0; i < state->numPlayers; i++){
branch  0 never executed
branch  1 never executed
    #####: 1133:	if (i != currentPlayer){
branch  0 never executed
branch  1 never executed
    #####: 1134:	  state->discard[i][state->discardCount[i]] = state->deck[i][state->deckCount[i]--];			    state->deckCount[i]--;
    #####: 1135:	  state->discardCount[i]++;
    #####: 1136:	  state->deck[i][state->deckCount[i]--] = curse;//Top card now a curse
        -: 1137:	}
        -: 1138:      }
    #####: 1139:      return 0;
        -: 1140:		
        -: 1141:    case treasure_map:
        -: 1142:      //search hand for another treasure_map
    #####: 1143:      index = -1;
    #####: 1144:      for (i = 0; i < state->handCount[currentPlayer]; i++)
branch  0 never executed
branch  1 never executed
        -: 1145:	{
    #####: 1146:	  if (state->hand[currentPlayer][i] == treasure_map && i != handPos)
branch  0 never executed
branch  1 never executed
branch  2 never executed
branch  3 never executed
        -: 1147:	    {
    #####: 1148:	      index = i;
    #####: 1149:	      break;
        -: 1150:	    }
        -: 1151:	}
    #####: 1152:      if (index > -1)
branch  0 never executed
branch  1 never executed
        -: 1153:	{
        -: 1154:	  //trash both treasure cards
    #####: 1155:	  discardCard(handPos, currentPlayer, state, 1);
call    0 never executed
    #####: 1156:	  discardCard(index, currentPlayer, state, 1);
call    0 never executed
        -: 1157:
        -: 1158:	  //gain 4 Gold cards
    #####: 1159:	  for (i = 0; i < 4; i++)
branch  0 never executed
branch  1 never executed
        -: 1160:	    {
    #####: 1161:	      gainCard(gold, state, 1, currentPlayer);
call    0 never executed
        -: 1162:	    }
        -: 1163:				
        -: 1164:	  //return success
    #####: 1165:	  return 1;
        -: 1166:	}
        -: 1167:			
        -: 1168:      //no second treasure_map found in hand
    #####: 1169:      return -1;
        -: 1170:    }
        -: 1171:	
    #####: 1172:  return -1;
        -: 1173:}
        -: 1174:
function discardCard called 20000 returned 100% blocks executed 89%
    20000: 1175:int discardCard(int handPos, int currentPlayer, struct gameState *state, int trashFlag)
        -: 1176:{
        -: 1177:	
        -: 1178:  //if card is not trashed, added to Played pile 
    20000: 1179:  if (trashFlag < 1)
branch  0 taken 100% (fallthrough)
branch  1 taken 0%
        -: 1180:    {
        -: 1181:      //add card to played pile
    20000: 1182:      state->playedCards[state->playedCardCount] = state->hand[currentPlayer][handPos]; 
    20000: 1183:      state->playedCardCount++;
        -: 1184:    }
        -: 1185:	
        -: 1186:  //set played card to -1
    20000: 1187:  state->hand[currentPlayer][handPos] = -1;
        -: 1188:	
        -: 1189:  //remove card from player's hand
    20000: 1190:  if ( handPos == (state->handCount[currentPlayer] - 1) ) 	//last card in hand array is played
branch  0 taken 1% (fallthrough)
branch  1 taken 99%
        -: 1191:    {
        -: 1192:      //reduce number of cards in hand
        1: 1193:      state->handCount[currentPlayer]--;
        -: 1194:    }
    19999: 1195:  else if ( state->handCount[currentPlayer] == 1 ) //only one card in hand
branch  0 taken 0% (fallthrough)
branch  1 taken 100%
        -: 1196:    {
        -: 1197:      //reduce number of cards in hand
    #####: 1198:      state->handCount[currentPlayer]--;
        -: 1199:    }
        -: 1200:  else 	
        -: 1201:    {
        -: 1202:      //replace discarded card with last card in hand
    19999: 1203:      state->hand[currentPlayer][handPos] = state->hand[currentPlayer][ (state->handCount[currentPlayer] - 1)];
        -: 1204:      //set last card to -1
    19999: 1205:      state->hand[currentPlayer][state->handCount[currentPlayer] - 1] = -1;
        -: 1206:      //reduce number of cards in hand
    19999: 1207:      state->handCount[currentPlayer]--;
        -: 1208:    }
        -: 1209:	
    20000: 1210:  return 0;
        -: 1211:}
        -: 1212:
function gainCard called 0 returned 0% blocks executed 0%
    #####: 1213:int gainCard(int supplyPos, struct gameState *state, int toFlag, int player)
        -: 1214:{
        -: 1215:  //Note: supplyPos is enum of choosen card
        -: 1216:	
        -: 1217:  //check if supply pile is empty (0) or card is not used in game (-1)
    #####: 1218:  if ( supplyCount(supplyPos, state) < 1 )
call    0 never executed
branch  1 never executed
branch  2 never executed
        -: 1219:    {
    #####: 1220:      return -1;
        -: 1221:    }
        -: 1222:	
        -: 1223:  //added card for [whoseTurn] current player:
        -: 1224:  // toFlag = 0 : add to discard
        -: 1225:  // toFlag = 1 : add to deck
        -: 1226:  // toFlag = 2 : add to hand
        -: 1227:
    #####: 1228:  if (toFlag == 1)
branch  0 never executed
branch  1 never executed
        -: 1229:    {
    #####: 1230:      state->deck[ player ][ state->deckCount[player] ] = supplyPos;
    #####: 1231:      state->deckCount[player]++;
        -: 1232:    }
    #####: 1233:  else if (toFlag == 2)
branch  0 never executed
branch  1 never executed
        -: 1234:    {
    #####: 1235:      state->hand[ player ][ state->handCount[player] ] = supplyPos;
    #####: 1236:      state->handCount[player]++;
        -: 1237:    }
        -: 1238:  else
        -: 1239:    {
    #####: 1240:      state->discard[player][ state->discardCount[player] ] = supplyPos;
    #####: 1241:      state->discardCount[player]++;
        -: 1242:    }
        -: 1243:	
        -: 1244:  //decrease number in supply pile
    #####: 1245:  state->supplyCount[supplyPos]--;
        -: 1246:	 
    #####: 1247:  return 0;
        -: 1248:}
        -: 1249:
function updateCoins called 30000 returned 100% blocks executed 100%
    30000: 1250:int updateCoins(int player, struct gameState *state, int bonus)
        -: 1251:{
        -: 1252:  int i;
        -: 1253:	
        -: 1254:  //reset coin count
    30000: 1255:  state->coins = 0;
        -: 1256:
        -: 1257:  //add coins for each Treasure card in player's hand
   219827: 1258:  for (i = 0; i < state->handCount[player]; i++)
branch  0 taken 86%
branch  1 taken 14% (fallthrough)
        -: 1259:    {
   189827: 1260:      if (state->hand[player][i] == copper)
branch  0 taken 10% (fallthrough)
branch  1 taken 90%
        -: 1261:	{
    18702: 1262:	  state->coins += 1;
        -: 1263:	}
   171125: 1264:      else if (state->hand[player][i] == silver)
branch  0 taken 11% (fallthrough)
branch  1 taken 89%
        -: 1265:	{
    18397: 1266:	  state->coins += 2;
        -: 1267:	}
   152728: 1268:      else if (state->hand[player][i] == gold)
branch  0 taken 12% (fallthrough)
branch  1 taken 88%
        -: 1269:	{
    18853: 1270:	  state->coins += 3;
        -: 1271:	}	
        -: 1272:    }	
        -: 1273:
        -: 1274:  //add bonus
    30000: 1275:  state->coins += bonus;
        -: 1276:
    30000: 1277:  return 0;
        -: 1278:}
        -: 1279:
function adventurer_effect called 10000 returned 100% blocks executed 100%
    10000: 1280:void adventurer_effect(struct gameState *state, int currentPlayer, int *temphand){
    10000: 1281:  int drawntreasure=0;
        -: 1282:  int cardDrawn;
    10000: 1283:  int z = 0;
   188093: 1284:      while(drawntreasure<=2){   //INTRODUCED BUG
branch  0 taken 94%
branch  1 taken 6% (fallthrough)
   168093: 1285:	if (state->deckCount[currentPlayer] <1){//if the deck is empty we need to shuffle discard and add to deck
branch  0 taken 3% (fallthrough)
branch  1 taken 97%
     4214: 1286:	  shuffle(currentPlayer, state);
call    0 returned 100%
        -: 1287:	}
   168093: 1288:	drawCard(currentPlayer, state);
call    0 returned 100%
   168093: 1289:	cardDrawn = state->hand[currentPlayer][state->handCount[currentPlayer]-1];//top card of hand is most recently drawn card.
   168093: 1290:	if (cardDrawn == copper || cardDrawn == silver || cardDrawn == gold)
branch  0 taken 94% (fallthrough)
branch  1 taken 6%
branch  2 taken 94% (fallthrough)
branch  3 taken 6%
branch  4 taken 7% (fallthrough)
branch  5 taken 93%
    30000: 1291:	  drawntreasure++;
        -: 1292:	else{
   138093: 1293:	  temphand[z]=cardDrawn;
   138093: 1294:	  state->handCount[currentPlayer]--; //this should just remove the top card (the most recently drawn one).
   138093: 1295:	  z++;
        -: 1296:	}
        -: 1297:      }
   158093: 1298:      while(z-1>=0){
branch  0 taken 93%
branch  1 taken 7% (fallthrough)
   138093: 1299:	state->discard[currentPlayer][state->discardCount[currentPlayer]++]=temphand[z-1]; // discard all cards in play that have been drawn
   138093: 1300:	z=z-1;
        -: 1301:      }
    10000: 1302:}
        -: 1303:
function smithy_effect called 10000 returned 100% blocks executed 100%
    10000: 1304:void smithy_effect(struct gameState *state, int currentPlayer, int handPos){
        -: 1305:      //+3 Cards
    30000: 1306:      for (int i = 1; i < 3; i++) //INTRODUCED BUG
branch  0 taken 67%
branch  1 taken 33% (fallthrough)
        -: 1307:	{
    20000: 1308:	  drawCard(currentPlayer, state);
call    0 returned 100%
        -: 1309:	}
        -: 1310:			
        -: 1311:      //discard card from hand
    10000: 1312:      discardCard(handPos, currentPlayer, state, 0);
call    0 returned 100%
        -: 1313:
    10000: 1314:}
        -: 1315:
function council_room_effect called 0 returned 0% blocks executed 0%
    #####: 1316:void council_room_effect(struct gameState *state, int currentPlayer, int handPos){
        -: 1317:      //+4 Cards
    #####: 1318:      for (int i = 0; i < 4; i++)
branch  0 never executed
branch  1 never executed
        -: 1319:	{
    #####: 1320:	  drawCard(currentPlayer, state);
call    0 never executed
        -: 1321:	}
        -: 1322:			
        -: 1323:      //+1 Buy
    #####: 1324:      state->numBuys++;
        -: 1325:			
        -: 1326:      //Each other player draws a card
    #####: 1327:      for (int i = 0; i < state->numPlayers; ++i) //INTRODUCED BUG
branch  0 never executed
branch  1 never executed
        -: 1328:	{
    #####: 1329:	  if ( i != currentPlayer )
branch  0 never executed
branch  1 never executed
        -: 1330:	    {
    #####: 1331:	      drawCard(i, state);
call    0 never executed
        -: 1332:	    }
        -: 1333:	}
        -: 1334:			
        -: 1335:      //put played card in played card pile
    #####: 1336:      discardCard(handPos, currentPlayer, state, 0);
call    0 never executed
    #####: 1337:}
        -: 1338:
function gardens_effect called 0 returned 0% blocks executed 0%
    #####: 1339:void gardens_effect(struct gameState *state, int currentPlayer){
    #####: 1340:      int score = (fullDeckCount(currentPlayer, 0, state) / 10 ); //THIS WHOLE FUNCTION IS A BUG!
call    0 never executed
    #####: 1341:}
        -: 1342:
function village_effect called 10000 returned 100% blocks executed 100%
    10000: 1343:void village_effect(struct gameState *state, int currentPlayer, int handPos){
        -: 1344:      //+1 Card
    10000: 1345:      drawCard(currentPlayer, state);
call    0 returned 100%
        -: 1346:			
        -: 1347:      //+2 Actions
    10000: 1348:      state->numActions = 2; //INTRODUCED BUG
        -: 1349:			
        -: 1350:      //discard played card from hand
    10000: 1351:      discardCard(handPos, currentPlayer, state, 0);
call    0 returned 100%
    10000: 1352:}
        -: 1353://end of dominion.c
        -: 1354:
